<?xml version="1.0" encoding="UTF-8"?>
<robot generator="Robot 6.1.1 (Python 3.12.0 on win32)" generated="20241205 18:44:43.200" rpa="false" schemaversion="4">
<suite id="s1" name="Test Cep" source="C:\Users\user\Downloads\DesafioQAPleno--main (1)\DesafioQAPleno--main\GratosSeguros\01-resources\CenariosTestes\test_cep.robot">
<test id="s1-t1" name="Consulta CEP Válido" line="9">
<kw name="Valida se a requisição de pesquisa de codigo valido retorna o código de sucesso" library="test_cep_step">
<kw name="Verifica se o GET retorna 200" library="test_cep_step">
<arg>${BASE_URL}</arg>
<arg>${PesquisaCepBemSucedida}</arg>
<kw name="GET" library="RequestsLibrary">
<var>${response}</var>
<arg>${url}${modulo}</arg>
<doc>Sends a GET request.</doc>
<msg timestamp="20241205 18:44:45.219" level="INFO">GET Request : url=https://viacep.com.br/ws/01001000/json/ 
 path_url=/ws/01001000/json/ 
 headers={'User-Agent': 'python-requests/2.31.0', 'Accept-Encoding': 'gzip, deflate', 'Accept': '*/*', 'Connection': 'keep-alive'} 
 body=None 
 </msg>
<msg timestamp="20241205 18:44:45.219" level="INFO">GET Response : url=https://viacep.com.br/ws/01001000/json/ 
 status=200, reason=OK 
 headers={'Server': 'nginx/1.22.0', 'Date': 'Thu, 05 Dec 2024 21:44:45 GMT', 'Content-Type': 'application/json; charset=utf-8', 'Transfer-Encoding': 'chunked', 'Connection': 'keep-alive', 'Expires': 'Thu, 05 Dec 2024 22:44:45 GMT', 'Cache-Control': 'max-age=3600, public', 'Pragma': 'public', 'Access-Control-Allow-Origin': '*', 'Access-Control-Allow-Methods': 'GET', 'Access-Control-Allow-Headers': 'Content-Type, X-Request-With, X-Requested-By', 'Access-Control-Allow-Credentials': 'true', 'Access-Control-Max-Age': '86400'} 
 body={
  "cep": "01001-000",
  "logradouro": "Praça da Sé",
  "complemento": "lado ímpar",
  "unidade": "",
  "bairro": "Sé",
  "localidade": "São Paulo",
  "uf": "SP",
  "estado": "São Paulo",
  "regiao": "Sudeste",
  "ibge": "3550308",
  "gia": "1004",
  "ddd": "11",
  "siafi": "7107"
} 
 </msg>
<msg timestamp="20241205 18:44:45.219" level="INFO">${response} = &lt;Response [200]&gt;</msg>
<status status="PASS" starttime="20241205 18:44:43.803" endtime="20241205 18:44:45.219"/>
</kw>
<kw name="Status Should Be" library="RequestsLibrary">
<arg>${reqBemSucedida}</arg>
<arg>${response}</arg>
<doc>Fails if response status code is different than the expected.</doc>
<status status="PASS" starttime="20241205 18:44:45.219" endtime="20241205 18:44:45.219"/>
</kw>
<status status="PASS" starttime="20241205 18:44:43.802" endtime="20241205 18:44:45.219"/>
</kw>
<status status="PASS" starttime="20241205 18:44:43.802" endtime="20241205 18:44:45.219"/>
</kw>
<doc>Valida se o endpoint de consulta de CEP valido é realizado com sucesso</doc>
<tag>criticos</tag>
<status status="PASS" starttime="20241205 18:44:43.801" endtime="20241205 18:44:45.220"/>
</test>
<test id="s1-t2" name="Valida os dados retornados ao pesquisar por um CEP valido" line="14">
<kw name="Verifica os campos esperados no JSON ao pequisar um CEP valido" library="test_cep_step">
<kw name="Testar JSON Local" library="test_cep_step">
<kw name="Set Variable" library="BuiltIn">
<var>${json_string}</var>
<arg>{"cep": "01001-000", "logradouro": "Praça da Sé", "bairro": "Sé", "uf": "SP"}</arg>
<doc>Returns the given values which can then be assigned to a variables.</doc>
<msg timestamp="20241205 18:44:45.222" level="INFO">${json_string} = {"cep": "01001-000", "logradouro": "Praça da Sé", "bairro": "Sé", "uf": "SP"}</msg>
<status status="PASS" starttime="20241205 18:44:45.222" endtime="20241205 18:44:45.222"/>
</kw>
<kw name="Evaluate" library="BuiltIn">
<var>${dados_json}</var>
<arg>json.loads('${json_string}')</arg>
<arg>modules=json</arg>
<doc>Evaluates the given expression in Python and returns the result.</doc>
<msg timestamp="20241205 18:44:45.223" level="INFO">${dados_json} = {'cep': '01001-000', 'logradouro': 'Praça da Sé', 'bairro': 'Sé', 'uf': 'SP'}</msg>
<status status="PASS" starttime="20241205 18:44:45.222" endtime="20241205 18:44:45.223"/>
</kw>
<kw name="Get From Dictionary" library="Collections">
<var>${logradouro}</var>
<arg>${dados_json}</arg>
<arg>logradouro</arg>
<doc>Returns a value from the given ``dictionary`` based on the given ``key``.</doc>
<msg timestamp="20241205 18:44:45.223" level="INFO">${logradouro} = Praça da Sé</msg>
<status status="PASS" starttime="20241205 18:44:45.223" endtime="20241205 18:44:45.223"/>
</kw>
<kw name="Log" library="BuiltIn">
<arg>Logradouro: ${logradouro}</arg>
<doc>Logs the given message with the given level.</doc>
<msg timestamp="20241205 18:44:45.223" level="INFO">Logradouro: Praça da Sé</msg>
<status status="PASS" starttime="20241205 18:44:45.223" endtime="20241205 18:44:45.223"/>
</kw>
<status status="PASS" starttime="20241205 18:44:45.222" endtime="20241205 18:44:45.223"/>
</kw>
<status status="PASS" starttime="20241205 18:44:45.222" endtime="20241205 18:44:45.223"/>
</kw>
<doc>Valida se o endpoint de consulta de CEP valido é realizado com sucesso</doc>
<tag>criticos</tag>
<status status="PASS" starttime="20241205 18:44:45.221" endtime="20241205 18:44:45.225"/>
</test>
<doc>Nessa tela será adicionado todos os cenários de testes</doc>
<status status="PASS" starttime="20241205 18:44:43.202" endtime="20241205 18:44:45.226"/>
</suite>
<statistics>
<total>
<stat pass="2" fail="0" skip="0">All Tests</stat>
</total>
<tag>
<stat pass="2" fail="0" skip="0">criticos</stat>
</tag>
<suite>
<stat pass="2" fail="0" skip="0" id="s1" name="Test Cep">Test Cep</stat>
</suite>
</statistics>
<errors>
</errors>
</robot>
